<?xml version="1.0" encoding="UTF-8"?>
<!-- Generated by org.testng.reporters.JUnitReportReporter -->
<testsuite hostname="PavanKalyan" failures="0" tests="1" name="kalyan.AllPatterns" time="0.017" errors="0" timestamp="2024-06-18T11:10:19 IST" skipped="0">
  <testcase classname="kalyan.AllPatterns" name="m4" time="0.017"/>
</testsuite> <!-- kalyan.AllPatterns -->
