<?xml version="1.0" encoding="UTF-8"?>
<!-- Generated by org.testng.reporters.JUnitReportReporter -->
<testsuite hostname="PavanKalyan" failures="0" tests="3" name="kalyan.Demo" time="0.016" errors="0" timestamp="2024-06-15T11:09:17 IST" skipped="1">
  <testcase classname="kalyan.Demo" name="m3" time="0.005"/>
  <testcase classname="kalyan.Demo" name="m2" time="0.011"/>
  <testcase classname="kalyan.Demo" name="m1">
    <skipped/>
  </testcase> <!-- m1 -->
</testsuite> <!-- kalyan.Demo -->
